<?xml version="1.0" encoding="UTF-8"?>
<!-- Generated by org.testng.reporters.JUnitReportReporter -->
<testsuite hostname="FDLMC1624.local" failures="0" tests="1" name="com.sampletest.test.AppTest" time="20.904" errors="0" timestamp="2020-05-18T13:56:31 IST" skipped="0">
  <testcase classname="com.sampletest.test.AppTest" name="CM" time="20.904"/>
  <system-out/>
</testsuite> <!-- com.sampletest.test.AppTest -->
