<?xml version="1.0" encoding="UTF-8"?>
<!-- Generated by org.testng.reporters.JUnitReportReporter -->
<testsuite hostname="FDLMC1624.local" failures="0" tests="1" name="com.sampletest.test.Memberfunctions" time="40.957" errors="0" timestamp="2020-05-15T13:32:35 IST" skipped="0">
  <testcase classname="com.sampletest.test.Memberfunctions" name="members" time="40.957"/>
  <system-out/>
</testsuite> <!-- com.sampletest.test.Memberfunctions -->
