<?xml version="1.0" encoding="UTF-8"?>
<!-- Generated by org.testng.reporters.JUnitReportReporter -->
<testsuite hostname="FDLMC1624.local" failures="0" tests="1" name="com.sampletest.test.Attachment" time="36.140" errors="0" timestamp="2020-05-12T11:29:08 IST" skipped="0">
  <testcase classname="com.sampletest.test.Attachment" name="sendingAttachment" time="36.140"/>
  <system-out/>
</testsuite> <!-- com.sampletest.test.Attachment -->
