<?xml version="1.0" encoding="UTF-8"?>
<!-- Generated by org.testng.reporters.JUnitReportReporter -->
<testsuite hostname="FDLMC1624.local" failures="0" tests="1" name="com.sampletest.test.AppTest" time="15.692" errors="0" timestamp="2020-05-12T17:10:33 IST" skipped="0">
  <testcase classname="com.sampletest.test.AppTest" name="CM" time="15.692"/>
  <system-out/>
</testsuite> <!-- com.sampletest.test.AppTest -->
